
 GET / 16-01-2024_01:56:54
 GET /favicon.ico 16-01-2024_01:56:55
 GET /books 16-01-2024_01:57:03
 GET /booksf 16-01-2024_01:57:11
 GET /styles.css.map 16-01-2024_02:11:08
 GET /books 16-01-2024_02:11:20
 GET /styles.css.map 16-01-2024_02:11:22
 GET / 17-01-2024_07:33:00
 GET /favicon.ico 17-01-2024_07:33:02
 GET /books 17-01-2024_07:33:08
 GET /books 17-01-2024_07:33:25
 GET / 17-01-2024_07:34:28
 GET /contacts 17-01-2024_07:34:33
 GET /styles.css.map 17-01-2024_07:34:40
 GET /contacts 17-01-2024_07:35:33
 GET /styles.css.map 17-01-2024_07:35:35
 GET / 17-01-2024_05:37:07
 GET / 17-01-2024_05:37:08
 GET /favicon.ico 17-01-2024_05:37:09
 GET /api/books 17-01-2024_05:39:21
 GET /api/books 17-01-2024_05:39:27
 GET /api/books 17-01-2024_05:39:58
 GET /api/styles.css.map 17-01-2024_05:40:04
 GET /api/books 17-01-2024_05:40:14
 GET /api/styles.css.map 17-01-2024_05:40:18
 GET /api/books 17-01-2024_05:43:10
 GET /api/styles.css.map 17-01-2024_05:43:12
 GET /api/books 17-01-2024_05:43:14
 GET /api/styles.css.map 17-01-2024_05:43:17
 GET /api/books 17-01-2024_05:43:50
 GET /api/styles.css.map 17-01-2024_05:43:52
 GET /api/books 17-01-2024_06:30:08
 GET /api/books 17-01-2024_06:31:42
 GET /api/books 17-01-2024_06:40:04
 GET /api/books 17-01-2024_06:41:46
 GET /api/books 17-01-2024_06:46:04
 GET /api/books 17-01-2024_06:49:16
 GET /api/books/ertuiop689ghe 17-01-2024_07:08:41
 GET /api/books/ertuiop689ghe4 17-01-2024_07:09:03
 GET /api/books/ertuiop689ghe4 17-01-2024_07:11:04
 GET /api/books/ertuiop689ghe4 17-01-2024_07:35:05
 GET /api/books/ertuiop689ghe4 17-01-2024_07:38:27
 GET /api/books/ertuiop689ghe 17-01-2024_07:38:33
 POST /api/books/ertuiop689ghe 17-01-2024_07:51:08
 POST /api/books 17-01-2024_07:51:32
 PUT /api/books/89XZzJgdKj3_A4WdzCFUN 18-01-2024_07:59:38
 PUT /api/books/89XZzJgdKj3_A4WdzCFUN 18-01-2024_08:01:25
 PUT /api/books/89XZzJgdKj3_A4WdzCFUN 18-01-2024_08:02:59
 GET /api/books/89XZzJgdKj3_A4WdzCFUN 18-01-2024_08:06:30
 POST /api/books/89XZzJgdKj3_A4WdzCFUN 18-01-2024_08:06:58
 POST /api/books/89XZzJgdKj3_A4WdzCFUN 18-01-2024_08:11:22
 POST /api/books/89XZzJgdKj3_A4WdzCFUN 18-01-2024_08:14:29
 POST /api/books/89XZzJgdKj3_A4WdzCFUN 18-01-2024_08:14:34
 POST /api/books/89XZzJgdKj3_A4WdzCFUN 18-01-2024_08:16:02
 POST /api/books/89XZzJgdKj3_A4WdzCFUN 18-01-2024_08:16:35
 POST /api/books/89XZzJgdKj3_A4WdzCFUN 18-01-2024_08:16:59
 POST /api/books/K9rStm6yahhUITRijya3o 18-01-2024_08:17:34
 GET /api/books/K9rStm6yahhUITRijya3o 18-01-2024_08:19:13
 POST /api/books/K9rStm6yahhUITRijya3o 18-01-2024_08:20:23
 POST /api/books 18-01-2024_08:20:32
 PUT /api/books/YSbISOI6bX3lM8DwuauME 18-01-2024_08:21:04
 PUT /api/books/89XZzJgdKj3_A4WdzCFUN 18-01-2024_08:22:45
 DELETE /api/books/89XZzJgdKj3_A4WdzCFUN 18-01-2024_08:32:14
 GET /api/books/89XZzJgdKj3_A4WdzCFUN 18-01-2024_09:28:54
 GET /api/books/ertuiop689gho 18-01-2024_09:29:23
 GET /api/books/ertuiop689gho3 18-01-2024_09:40:52
 GET /api/books/ertuiop689gho 18-01-2024_09:40:56
 GET /api/books/ertuiop689ghoe 18-01-2024_09:55:05
 GET /api/books/ertuiop689gho 18-01-2024_09:55:10
 GET /api/books 18-01-2024_09:55:16